Arguments: 
  /Users/shaunregenbaum/.nvm/versions/node/v16.13.2/bin/node /Users/shaunregenbaum/.yarn/bin/yarn.js install

PATH: 
  /Users/shaunregenbaum/.nvm/versions/node/v16.13.2/bin:/Users/shaunregenbaum/.yarn/bin:/Users/shaunregenbaum/.config/yarn/global/node_modules/.bin:/opt/homebrew/bin:/opt/homebrew/sbin:/Library/Frameworks/Python.framework/Versions/3.9/bin:/usr/local/bin:/usr/bin:/bin:/usr/sbin:/sbin:/Users/shaunregenbaum/.nvm/versions/node/v16.13.2/bin:/Users/shaunregenbaum/.yarn/bin:/Users/shaunregenbaum/.config/yarn/global/node_modules/.bin:/opt/homebrew/bin:/opt/homebrew/sbin:/Library/Frameworks/Python.framework/Versions/3.9/bin:/Users/shaunregenbaum/.cargo/bin:/Users/shaunregenbaum/.fig/bin

Yarn version: 
  1.22.5

Node version: 
  16.13.2

Platform: 
  darwin x64

Trace: 
  SyntaxError: /Users/shaunregenbaum/Desktop/personal-site/package.json: Unexpected token } in JSON at position 1210
      at JSON.parse (<anonymous>)
      at /Users/shaunregenbaum/.yarn/lib/cli.js:1625:59
      at Generator.next (<anonymous>)
      at step (/Users/shaunregenbaum/.yarn/lib/cli.js:310:30)
      at /Users/shaunregenbaum/.yarn/lib/cli.js:321:13

npm manifest: 
  {
  	"name": "my-app",
  	"version": "0.0.1",
  	"private": true,
  	"scripts": {
  		"dev": "vite dev",
  		"build": "vite build",
  		"preview": "vite preview",
  		"test": "playwright test",
  		"check": "svelte-kit sync && svelte-check --tsconfig ./tsconfig.json",
  		"check:watch": "svelte-kit sync && svelte-check --tsconfig ./tsconfig.json --watch",
  		"test:unit": "vitest",
  		"lint": "prettier --plugin-search-dir . --check . && eslint .",
  		"format": "prettier --plugin-search-dir . --write ."
  	},
  	"devDependencies": {
  		"@playwright/test": "^1.28.1",
  		"@sveltejs/adapter-auto": "^1.0.0",
  		"@sveltejs/kit": "^1.0.0",
  		"@typescript-eslint/eslint-plugin": "^5.45.0",
  		"@typescript-eslint/parser": "^5.45.0",
  		"autoprefixer": "^10.4.13",
  		"eslint": "^8.28.0",
  		"eslint-config-prettier": "^8.5.0",
  		"eslint-plugin-svelte3": "^4.0.0",
  		"postcss": "^8.4.20",
  		"prettier": "^2.8.0",
  		"prettier-plugin-svelte": "^2.8.1",
  		"svelte": "^3.54.0",
  		"svelte-check": "^2.9.2",
  		"svelte-preprocess": "^5.0.0",
  		"tailwindcss": "^3.2.4",
  		"tslib": "^2.4.1",
  		"typescript": "^4.9.3",
  		"vite": "^4.0.0",
  		"vitest": "^0.25.3",
  		"esbuild": "^0.16.7"
  	},
  	"type": "module",
  	"dependencies": {
  		"daf-renderer": "^1.1.4",
  	}
  }

yarn manifest: 
  No manifest

Lockfile: 
  No lockfile
